129
125
129
331
324
321
138
234
128
126
324
532
381
139
128
127
124
323
329
321
216
1315
932
906
2497
2455
2508
934
905
900
924
2838
2470
2493
931
904
902
905
2465
2475
2489
923
7318
6970
6947
18945
18353
19277
7019
7368
8365
6985
19525
18886
18921
7075
6925
6921
6963
18979
19973
18410
7235
112086
104048
104282
285539
287018
293395
119965
108246
103886
104093
294057
286461
285823
119174
104131
104389
103902
288884
286092
294853
122079
894284
827890
880196
2295131
2260711
2280697
1029644
853854
818403
841182
2315306
2285659
2273233
985557
873458
819757
819701
2271120
2266607
2270361
988600
6570867
6615767
7410675
18012813
18102600
18138980
9201468
6562866
6574474
6566265
18122924
18814265
18649100
9208001
6582064
6632304
6920078
18135429
18013659
18693700
9239508
22172670
22156245
22270368
60970979
61050058
60865750
32889194
22216876
22251175
22643276
61019861
61240975
61078949
33286607
22392729
22403047
22645489
61169107
65124340
62707962
32636753
