698
554917
992306
1894440
690
468592
924759
1940441
692
485823
1113360
1408021
5229
602954
1288129
3999335
5295
652308
2131954
3213396
5204
677216
2083785
4069440
90017
1083732
3955152
6186029
89993
1219778
4497686
8914569
90102
1218946
4551628
7925516
717082
2664206
8798376
17319916
732200
2716556
10039506
16808134
715971
2963847
12035318
14900317
6732351
8172969
28290745
42365882
6810476
8942397
30439876
39491401
6812713
10630946
28349768
40312991
25270296
26354679
68145477
99727414
25636772
28242817
67220968
90307749
25193527
27890019
59916511
102822927
